InnoDB: using atomic writes.
2020-08-17  8:43:56 0 [Note] InnoDB: Mutexes and rw_locks use Windows interlocked functions
2020-08-17  8:43:56 0 [Note] InnoDB: Uses event mutexes
2020-08-17  8:43:56 0 [Note] InnoDB: Compressed tables use zlib 1.2.11
2020-08-17  8:43:56 0 [Note] InnoDB: Number of pools: 1
2020-08-17  8:43:56 0 [Note] InnoDB: Using SSE2 crc32 instructions
2020-08-17  8:43:56 0 [Note] InnoDB: Initializing buffer pool, total size = 16M, instances = 1, chunk size = 16M
2020-08-17  8:43:56 0 [Note] InnoDB: Completed initialization of buffer pool
2020-08-17  8:43:56 0 [Note] InnoDB: Starting crash recovery from checkpoint LSN=300288
2020-08-17  8:43:57 0 [Note] InnoDB: 128 out of 128 rollback segments are active.
2020-08-17  8:43:57 0 [Note] InnoDB: Removed temporary tablespace data file: "ibtmp1"
2020-08-17  8:43:57 0 [Note] InnoDB: Creating shared tablespace for temporary tables
2020-08-17  8:43:57 0 [Note] InnoDB: Setting file 'C:\pannguyen\xamp\mysql\data\ibtmp1' size to 12 MB. Physically writing the file full; Please wait ...
2020-08-17  8:43:57 0 [Note] InnoDB: File 'C:\pannguyen\xamp\mysql\data\ibtmp1' size is now 12 MB.
2020-08-17  8:43:57 0 [Note] InnoDB: Waiting for purge to start
2020-08-17  8:43:57 0 [Note] InnoDB: 10.4.13 started; log sequence number 300297; transaction id 171
2020-08-17  8:43:57 0 [Note] InnoDB: Loading buffer pool(s) from C:\pannguyen\xamp\mysql\data\ib_buffer_pool
2020-08-17  8:43:57 0 [Note] Plugin 'FEEDBACK' is disabled.
2020-08-17  8:43:57 0 [Note] Server socket created on IP: '::'.
InnoDB: using atomic writes.
2020-08-17  8:48:08 0 [Note] InnoDB: Mutexes and rw_locks use Windows interlocked functions
2020-08-17  8:48:08 0 [Note] InnoDB: Uses event mutexes
2020-08-17  8:48:08 0 [Note] InnoDB: Compressed tables use zlib 1.2.11
2020-08-17  8:48:08 0 [Note] InnoDB: Number of pools: 1
2020-08-17  8:48:08 0 [Note] InnoDB: Using SSE2 crc32 instructions
2020-08-17  8:48:08 0 [Note] InnoDB: Initializing buffer pool, total size = 16M, instances = 1, chunk size = 16M
2020-08-17  8:48:08 0 [Note] InnoDB: Completed initialization of buffer pool
2020-08-17  8:48:08 0 [Note] InnoDB: Starting crash recovery from checkpoint LSN=300306
2020-08-17  8:48:08 0 [Note] InnoDB: 128 out of 128 rollback segments are active.
2020-08-17  8:48:08 0 [Note] InnoDB: Removed temporary tablespace data file: "ibtmp1"
2020-08-17  8:48:08 0 [Note] InnoDB: Creating shared tablespace for temporary tables
2020-08-17  8:48:08 0 [Note] InnoDB: Setting file 'C:\pannguyen\xamp\mysql\data\ibtmp1' size to 12 MB. Physically writing the file full; Please wait ...
2020-08-17  8:48:08 0 [Note] InnoDB: File 'C:\pannguyen\xamp\mysql\data\ibtmp1' size is now 12 MB.
2020-08-17  8:48:08 0 [Note] InnoDB: Waiting for purge to start
2020-08-17  8:48:08 0 [Note] InnoDB: 10.4.13 started; log sequence number 300315; transaction id 171
2020-08-17  8:48:08 0 [Note] InnoDB: Loading buffer pool(s) from C:\pannguyen\xamp\mysql\data\ib_buffer_pool
2020-08-17  8:48:08 0 [Note] Plugin 'FEEDBACK' is disabled.
2020-08-17  8:48:08 0 [Note] Server socket created on IP: '::'.
2020-08-17 16:10:37 0 [Note] mysqld.exe: Aria engine: starting recovery
recovered pages: 0% 33% 67% 100% (0.0 seconds); tables to flush: 1 0
 (0.0 seconds); 
2020-08-17 16:10:37 0 [Note] mysqld.exe: Aria engine: recovery done
InnoDB: using atomic writes.
2020-08-17 16:10:37 0 [Note] InnoDB: Mutexes and rw_locks use Windows interlocked functions
2020-08-17 16:10:37 0 [Note] InnoDB: Uses event mutexes
2020-08-17 16:10:37 0 [Note] InnoDB: Compressed tables use zlib 1.2.11
2020-08-17 16:10:37 0 [Note] InnoDB: Number of pools: 1
2020-08-17 16:10:37 0 [Note] InnoDB: Using SSE2 crc32 instructions
2020-08-17 16:10:37 0 [Note] InnoDB: Initializing buffer pool, total size = 16M, instances = 1, chunk size = 16M
2020-08-17 16:10:37 0 [Note] InnoDB: Completed initialization of buffer pool
2020-08-17 16:10:37 0 [Note] InnoDB: Starting crash recovery from checkpoint LSN=3770278
2020-08-17 16:10:38 0 [Note] InnoDB: 128 out of 128 rollback segments are active.
2020-08-17 16:10:38 0 [Note] InnoDB: Removed temporary tablespace data file: "ibtmp1"
2020-08-17 16:10:38 0 [Note] InnoDB: Creating shared tablespace for temporary tables
2020-08-17 16:10:38 0 [Note] InnoDB: Setting file 'C:\pannguyen\xamp\mysql\data\ibtmp1' size to 12 MB. Physically writing the file full; Please wait ...
2020-08-17 16:10:38 0 [Note] InnoDB: File 'C:\pannguyen\xamp\mysql\data\ibtmp1' size is now 12 MB.
2020-08-17 16:10:38 0 [Note] InnoDB: Waiting for purge to start
2020-08-17 16:10:38 0 [Note] InnoDB: 10.4.13 started; log sequence number 3770287; transaction id 789
2020-08-17 16:10:38 0 [Note] InnoDB: Loading buffer pool(s) from C:\pannguyen\xamp\mysql\data\ib_buffer_pool
2020-08-17 16:10:38 0 [Note] Plugin 'FEEDBACK' is disabled.
2020-08-17 16:10:38 0 [Note] InnoDB: Buffer pool(s) load completed at 200817 16:10:38
2020-08-17 16:10:38 0 [Note] Server socket created on IP: '::'.
InnoDB: using atomic writes.
2020-08-17 16:28:31 0 [Note] InnoDB: Mutexes and rw_locks use Windows interlocked functions
2020-08-17 16:28:31 0 [Note] InnoDB: Uses event mutexes
2020-08-17 16:28:31 0 [Note] InnoDB: Compressed tables use zlib 1.2.11
2020-08-17 16:28:31 0 [Note] InnoDB: Number of pools: 1
2020-08-17 16:28:31 0 [Note] InnoDB: Using SSE2 crc32 instructions
2020-08-17 16:28:31 0 [Note] InnoDB: Initializing buffer pool, total size = 16M, instances = 1, chunk size = 16M
2020-08-17 16:28:31 0 [Note] InnoDB: Completed initialization of buffer pool
2020-08-17 16:28:31 0 [Note] InnoDB: Starting crash recovery from checkpoint LSN=3770296
2020-08-17 16:28:31 0 [Note] InnoDB: 128 out of 128 rollback segments are active.
2020-08-17 16:28:31 0 [Note] InnoDB: Removed temporary tablespace data file: "ibtmp1"
2020-08-17 16:28:31 0 [Note] InnoDB: Creating shared tablespace for temporary tables
2020-08-17 16:28:31 0 [Note] InnoDB: Setting file 'C:\pannguyen\xamp\mysql\data\ibtmp1' size to 12 MB. Physically writing the file full; Please wait ...
2020-08-17 16:28:31 0 [Note] InnoDB: File 'C:\pannguyen\xamp\mysql\data\ibtmp1' size is now 12 MB.
2020-08-17 16:28:31 0 [Note] InnoDB: Waiting for purge to start
2020-08-17 16:28:31 0 [Note] InnoDB: 10.4.13 started; log sequence number 3770305; transaction id 789
2020-08-17 16:28:31 0 [Note] Plugin 'FEEDBACK' is disabled.
2020-08-17 16:28:31 0 [Note] InnoDB: Loading buffer pool(s) from C:\pannguyen\xamp\mysql\data\ib_buffer_pool
2020-08-17 16:28:31 0 [Note] Server socket created on IP: '::'.
InnoDB: using atomic writes.
2020-08-28 11:11:42 0 [Note] InnoDB: Mutexes and rw_locks use Windows interlocked functions
2020-08-28 11:11:42 0 [Note] InnoDB: Uses event mutexes
2020-08-28 11:11:42 0 [Note] InnoDB: Compressed tables use zlib 1.2.11
2020-08-28 11:11:42 0 [Note] InnoDB: Number of pools: 1
2020-08-28 11:11:42 0 [Note] InnoDB: Using SSE2 crc32 instructions
2020-08-28 11:11:42 0 [Note] InnoDB: Initializing buffer pool, total size = 16M, instances = 1, chunk size = 16M
2020-08-28 11:11:42 0 [Note] InnoDB: Completed initialization of buffer pool
2020-08-28 11:11:42 0 [Note] InnoDB: Starting crash recovery from checkpoint LSN=3770314
2020-08-28 11:11:42 0 [Note] InnoDB: 128 out of 128 rollback segments are active.
2020-08-28 11:11:42 0 [Note] InnoDB: Removed temporary tablespace data file: "ibtmp1"
2020-08-28 11:11:42 0 [Note] InnoDB: Creating shared tablespace for temporary tables
2020-08-28 11:11:42 0 [Note] InnoDB: Setting file 'C:\pannguyen\xamp\mysql\data\ibtmp1' size to 12 MB. Physically writing the file full; Please wait ...
2020-08-28 11:11:42 0 [Note] InnoDB: File 'C:\pannguyen\xamp\mysql\data\ibtmp1' size is now 12 MB.
2020-08-28 11:11:42 0 [Note] InnoDB: Waiting for purge to start
2020-08-28 11:11:42 0 [Note] InnoDB: 10.4.11 started; log sequence number 3770323; transaction id 789
2020-08-28 11:11:42 0 [Note] InnoDB: Loading buffer pool(s) from C:\pannguyen\xamp\mysql\data\ib_buffer_pool
2020-08-28 11:11:42 0 [Note] Plugin 'FEEDBACK' is disabled.
2020-08-28 11:11:42 0 [Note] InnoDB: Buffer pool(s) load completed at 200828 11:11:42
2020-08-28 11:11:42 0 [Note] Server socket created on IP: '::'.
InnoDB: using atomic writes.
2020-08-28 13:12:40 0 [Note] InnoDB: Mutexes and rw_locks use Windows interlocked functions
2020-08-28 13:12:40 0 [Note] InnoDB: Uses event mutexes
2020-08-28 13:12:40 0 [Note] InnoDB: Compressed tables use zlib 1.2.11
2020-08-28 13:12:40 0 [Note] InnoDB: Number of pools: 1
2020-08-28 13:12:40 0 [Note] InnoDB: Using SSE2 crc32 instructions
2020-08-28 13:12:40 0 [Note] InnoDB: Initializing buffer pool, total size = 16M, instances = 1, chunk size = 16M
2020-08-28 13:12:40 0 [Note] InnoDB: Completed initialization of buffer pool
2020-08-28 13:12:40 0 [Note] InnoDB: Starting crash recovery from checkpoint LSN=3770332
2020-08-28 13:12:40 0 [Note] InnoDB: 128 out of 128 rollback segments are active.
2020-08-28 13:12:40 0 [Note] InnoDB: Removed temporary tablespace data file: "ibtmp1"
2020-08-28 13:12:40 0 [Note] InnoDB: Creating shared tablespace for temporary tables
2020-08-28 13:12:40 0 [Note] InnoDB: Setting file 'C:\pannguyen\xamp\mysql\data\ibtmp1' size to 12 MB. Physically writing the file full; Please wait ...
2020-08-28 13:12:40 0 [Note] InnoDB: File 'C:\pannguyen\xamp\mysql\data\ibtmp1' size is now 12 MB.
2020-08-28 13:12:40 0 [Note] InnoDB: Waiting for purge to start
2020-08-28 13:12:40 0 [Note] InnoDB: 10.4.13 started; log sequence number 3770341; transaction id 789
2020-08-28 13:12:40 0 [Note] InnoDB: Loading buffer pool(s) from C:\pannguyen\xamp\mysql\data\ib_buffer_pool
2020-08-28 13:12:40 0 [Note] Plugin 'FEEDBACK' is disabled.
2020-08-28 13:12:40 0 [Note] Server socket created on IP: '::'.
