InnoDB: using atomic writes.
2020-05-08  9:47:39 0 [Note] InnoDB: Mutexes and rw_locks use Windows interlocked functions
2020-05-08  9:47:39 0 [Note] InnoDB: Uses event mutexes
2020-05-08  9:47:39 0 [Note] InnoDB: Compressed tables use zlib 1.2.11
2020-05-08  9:47:39 0 [Note] InnoDB: Number of pools: 1
2020-05-08  9:47:39 0 [Note] InnoDB: Using SSE2 crc32 instructions
2020-05-08  9:47:39 0 [Note] InnoDB: Initializing buffer pool, total size = 16M, instances = 1, chunk size = 16M
2020-05-08  9:47:39 0 [Note] InnoDB: Completed initialization of buffer pool
2020-05-08  9:47:39 0 [Note] InnoDB: Starting crash recovery from checkpoint LSN=300288
2020-05-08  9:47:40 0 [Note] InnoDB: 128 out of 128 rollback segments are active.
2020-05-08  9:47:40 0 [Note] InnoDB: Removed temporary tablespace data file: "ibtmp1"
2020-05-08  9:47:40 0 [Note] InnoDB: Creating shared tablespace for temporary tables
2020-05-08  9:47:40 0 [Note] InnoDB: Setting file 'C:\xampp72\mysql\data\ibtmp1' size to 12 MB. Physically writing the file full; Please wait ...
2020-05-08  9:47:40 0 [Note] InnoDB: File 'C:\xampp72\mysql\data\ibtmp1' size is now 12 MB.
2020-05-08  9:47:40 0 [Note] InnoDB: Waiting for purge to start
2020-05-08  9:47:40 0 [Note] InnoDB: 10.4.11 started; log sequence number 300297; transaction id 171
2020-05-08  9:47:40 0 [Note] InnoDB: Loading buffer pool(s) from C:\xampp72\mysql\data\ib_buffer_pool
2020-05-08  9:47:40 0 [Note] Plugin 'FEEDBACK' is disabled.
2020-05-08  9:47:40 0 [Note] Server socket created on IP: '::'.
InnoDB: using atomic writes.
2020-05-13 11:20:10 0 [Note] InnoDB: Mutexes and rw_locks use Windows interlocked functions
2020-05-13 11:20:10 0 [Note] InnoDB: Uses event mutexes
2020-05-13 11:20:10 0 [Note] InnoDB: Compressed tables use zlib 1.2.11
2020-05-13 11:20:10 0 [Note] InnoDB: Number of pools: 1
2020-05-13 11:20:10 0 [Note] InnoDB: Using SSE2 crc32 instructions
2020-05-13 11:20:10 0 [Note] InnoDB: Initializing buffer pool, total size = 16M, instances = 1, chunk size = 16M
2020-05-13 11:20:10 0 [Note] InnoDB: Completed initialization of buffer pool
2020-05-13 11:20:10 0 [Note] InnoDB: Starting crash recovery from checkpoint LSN=383598
2020-05-13 11:20:10 0 [Note] InnoDB: 128 out of 128 rollback segments are active.
2020-05-13 11:20:10 0 [Note] InnoDB: Removed temporary tablespace data file: "ibtmp1"
2020-05-13 11:20:10 0 [Note] InnoDB: Creating shared tablespace for temporary tables
2020-05-13 11:20:10 0 [Note] InnoDB: Setting file 'C:\xampp72\mysql\data\ibtmp1' size to 12 MB. Physically writing the file full; Please wait ...
2020-05-13 11:20:10 0 [Note] InnoDB: File 'C:\xampp72\mysql\data\ibtmp1' size is now 12 MB.
2020-05-13 11:20:10 0 [Note] InnoDB: Waiting for purge to start
2020-05-13 11:20:10 0 [Note] InnoDB: 10.4.11 started; log sequence number 383607; transaction id 268
2020-05-13 11:20:10 0 [Note] InnoDB: Loading buffer pool(s) from C:\xampp72\mysql\data\ib_buffer_pool
2020-05-13 11:20:10 0 [Note] Plugin 'FEEDBACK' is disabled.
2020-05-13 11:20:10 0 [Note] InnoDB: Buffer pool(s) load completed at 200513 11:20:10
2020-05-13 11:20:10 0 [Note] Server socket created on IP: '::'.
InnoDB: using atomic writes.
2020-05-13 12:45:05 0 [Note] InnoDB: Mutexes and rw_locks use Windows interlocked functions
2020-05-13 12:45:05 0 [Note] InnoDB: Uses event mutexes
2020-05-13 12:45:05 0 [Note] InnoDB: Compressed tables use zlib 1.2.11
2020-05-13 12:45:05 0 [Note] InnoDB: Number of pools: 1
2020-05-13 12:45:05 0 [Note] InnoDB: Using SSE2 crc32 instructions
2020-05-13 12:45:05 0 [Note] InnoDB: Initializing buffer pool, total size = 16M, instances = 1, chunk size = 16M
2020-05-13 12:45:05 0 [Note] InnoDB: Completed initialization of buffer pool
2020-05-13 12:45:05 0 [Note] InnoDB: Starting crash recovery from checkpoint LSN=383616
2020-05-13 12:45:06 0 [Note] InnoDB: 128 out of 128 rollback segments are active.
2020-05-13 12:45:06 0 [Note] InnoDB: Removed temporary tablespace data file: "ibtmp1"
2020-05-13 12:45:06 0 [Note] InnoDB: Creating shared tablespace for temporary tables
2020-05-13 12:45:06 0 [Note] InnoDB: Setting file 'C:\xampp72\mysql\data\ibtmp1' size to 12 MB. Physically writing the file full; Please wait ...
2020-05-13 12:45:06 0 [Note] InnoDB: File 'C:\xampp72\mysql\data\ibtmp1' size is now 12 MB.
2020-05-13 12:45:06 0 [Note] InnoDB: Waiting for purge to start
2020-05-13 12:45:06 0 [Note] InnoDB: 10.4.11 started; log sequence number 383625; transaction id 268
2020-05-13 12:45:06 0 [Note] InnoDB: Loading buffer pool(s) from C:\xampp72\mysql\data\ib_buffer_pool
2020-05-13 12:45:06 0 [Note] Plugin 'FEEDBACK' is disabled.
2020-05-13 12:45:06 0 [Note] Server socket created on IP: '::'.
InnoDB: using atomic writes.
2020-05-14  9:14:40 0 [Note] InnoDB: Mutexes and rw_locks use Windows interlocked functions
2020-05-14  9:14:40 0 [Note] InnoDB: Uses event mutexes
2020-05-14  9:14:40 0 [Note] InnoDB: Compressed tables use zlib 1.2.11
2020-05-14  9:14:40 0 [Note] InnoDB: Number of pools: 1
2020-05-14  9:14:40 0 [Note] InnoDB: Using SSE2 crc32 instructions
2020-05-14  9:14:40 0 [Note] InnoDB: Initializing buffer pool, total size = 16M, instances = 1, chunk size = 16M
2020-05-14  9:14:40 0 [Note] InnoDB: Completed initialization of buffer pool
2020-05-14  9:14:40 0 [Note] InnoDB: Starting crash recovery from checkpoint LSN=383634
2020-05-14  9:14:40 0 [Note] InnoDB: 128 out of 128 rollback segments are active.
2020-05-14  9:14:40 0 [Note] InnoDB: Removed temporary tablespace data file: "ibtmp1"
2020-05-14  9:14:40 0 [Note] InnoDB: Creating shared tablespace for temporary tables
2020-05-14  9:14:40 0 [Note] InnoDB: Setting file 'C:\xampp72\mysql\data\ibtmp1' size to 12 MB. Physically writing the file full; Please wait ...
2020-05-14  9:14:40 0 [Note] InnoDB: File 'C:\xampp72\mysql\data\ibtmp1' size is now 12 MB.
2020-05-14  9:14:40 0 [Note] InnoDB: Waiting for purge to start
2020-05-14  9:14:40 0 [Note] InnoDB: 10.4.11 started; log sequence number 383643; transaction id 268
2020-05-14  9:14:40 0 [Note] InnoDB: Loading buffer pool(s) from C:\xampp72\mysql\data\ib_buffer_pool
2020-05-14  9:14:40 0 [Note] Plugin 'FEEDBACK' is disabled.
2020-05-14  9:14:40 0 [Note] InnoDB: Buffer pool(s) load completed at 200514  9:14:40
2020-05-14  9:14:40 0 [Note] Server socket created on IP: '::'.
2020-05-14  9:14:40 0 [Note] Reading of all Master_info entries succeeded
2020-05-14  9:14:40 0 [Note] Added new Master_info '' to hash table
2020-05-14  9:14:40 0 [Note] mysql\bin\mysqld.exe: ready for connections.
Version: '10.4.11-MariaDB'  socket: ''  port: 3306  mariadb.org binary distribution
InnoDB: using atomic writes.
2020-08-13 16:01:43 0 [Note] InnoDB: Mutexes and rw_locks use Windows interlocked functions
2020-08-13 16:01:43 0 [Note] InnoDB: Uses event mutexes
2020-08-13 16:01:43 0 [Note] InnoDB: Compressed tables use zlib 1.2.11
2020-08-13 16:01:43 0 [Note] InnoDB: Number of pools: 1
2020-08-13 16:01:43 0 [Note] InnoDB: Using SSE2 crc32 instructions
2020-08-13 16:01:43 0 [Note] InnoDB: Initializing buffer pool, total size = 16M, instances = 1, chunk size = 16M
2020-08-13 16:01:43 0 [Note] InnoDB: Completed initialization of buffer pool
2020-08-13 16:01:43 0 [Note] InnoDB: Starting crash recovery from checkpoint LSN=383652
2020-08-13 16:01:43 0 [Note] InnoDB: 128 out of 128 rollback segments are active.
2020-08-13 16:01:43 0 [Note] InnoDB: Removed temporary tablespace data file: "ibtmp1"
2020-08-13 16:01:43 0 [Note] InnoDB: Creating shared tablespace for temporary tables
2020-08-13 16:01:43 0 [Note] InnoDB: Setting file 'C:\xampp72\mysql\data\ibtmp1' size to 12 MB. Physically writing the file full; Please wait ...
2020-08-13 16:01:43 0 [Note] InnoDB: File 'C:\xampp72\mysql\data\ibtmp1' size is now 12 MB.
2020-08-13 16:01:43 0 [Note] InnoDB: Waiting for purge to start
2020-08-13 16:01:43 0 [Note] InnoDB: 10.4.11 started; log sequence number 383661; transaction id 268
2020-08-13 16:01:43 0 [Note] InnoDB: Loading buffer pool(s) from C:\xampp72\mysql\data\ib_buffer_pool
2020-08-13 16:01:43 0 [Note] Plugin 'FEEDBACK' is disabled.
2020-08-13 16:01:43 0 [Note] InnoDB: Buffer pool(s) load completed at 200813 16:01:43
2020-08-13 16:01:43 0 [Note] Server socket created on IP: '::'.
InnoDB: using atomic writes.
2020-08-13 16:09:55 0 [Note] InnoDB: The first innodb_system data file 'ibdata1' did not exist. A new tablespace will be created!
2020-08-13 16:09:55 0 [Note] InnoDB: Mutexes and rw_locks use Windows interlocked functions
2020-08-13 16:09:55 0 [Note] InnoDB: Uses event mutexes
2020-08-13 16:09:55 0 [Note] InnoDB: Compressed tables use zlib 1.2.11
2020-08-13 16:09:55 0 [Note] InnoDB: Number of pools: 1
2020-08-13 16:09:55 0 [Note] InnoDB: Using SSE2 crc32 instructions
2020-08-13 16:09:55 0 [Note] InnoDB: Initializing buffer pool, total size = 16M, instances = 1, chunk size = 16M
2020-08-13 16:09:55 0 [Note] InnoDB: Completed initialization of buffer pool
2020-08-13 16:09:55 0 [Note] InnoDB: Setting file 'C:\pannguyen\database_mysql\ibdata1' size to 10 MB. Physically writing the file full; Please wait ...
2020-08-13 16:09:55 0 [Note] InnoDB: File 'C:\pannguyen\database_mysql\ibdata1' size is now 10 MB.
2020-08-13 16:09:55 0 [Note] InnoDB: Setting log file C:\pannguyen\database_mysql\ib_logfile101 size to 5242880 bytes
2020-08-13 16:09:55 0 [Note] InnoDB: Setting log file C:\pannguyen\database_mysql\ib_logfile1 size to 5242880 bytes
2020-08-13 16:09:55 0 [Note] InnoDB: Renaming log file C:\pannguyen\database_mysql\ib_logfile101 to C:\pannguyen\database_mysql\ib_logfile0
2020-08-13 16:09:55 0 [Note] InnoDB: New log files created, LSN=11452
2020-08-13 16:09:55 0 [Note] InnoDB: Doublewrite buffer not found: creating new
2020-08-13 16:09:55 0 [Note] InnoDB: Doublewrite buffer created
2020-08-13 16:09:55 0 [Note] InnoDB: 128 out of 128 rollback segments are active.
2020-08-13 16:09:55 0 [Note] InnoDB: Creating foreign key constraint system tables.
2020-08-13 16:09:55 0 [Note] InnoDB: Creating tablespace and datafile system tables.
2020-08-13 16:09:55 0 [Note] InnoDB: Creating sys_virtual system tables.
2020-08-13 16:09:55 0 [Note] InnoDB: Creating shared tablespace for temporary tables
2020-08-13 16:09:55 0 [Note] InnoDB: Setting file 'C:\pannguyen\database_mysql\ibtmp1' size to 12 MB. Physically writing the file full; Please wait ...
2020-08-13 16:09:55 0 [Note] InnoDB: File 'C:\pannguyen\database_mysql\ibtmp1' size is now 12 MB.
2020-08-13 16:09:55 0 [Note] InnoDB: Waiting for purge to start
2020-08-13 16:09:55 0 [Note] InnoDB: 10.4.11 started; log sequence number 0; transaction id 7
2020-08-13 16:09:55 0 [Note] Plugin 'FEEDBACK' is disabled.
2020-08-13 16:09:55 0 [Note] Server socket created on IP: '::'.
2020-08-14  9:03:27 0 [Note] mysqld.exe: Aria engine: starting recovery
recovered pages: 0% 40% 100% (0.0 seconds); tables to flush: 1 0
 (0.0 seconds); 
2020-08-14  9:03:27 0 [Note] mysqld.exe: Aria engine: recovery done
InnoDB: using atomic writes.
2020-08-14  9:03:27 0 [Note] InnoDB: Mutexes and rw_locks use Windows interlocked functions
2020-08-14  9:03:27 0 [Note] InnoDB: Uses event mutexes
2020-08-14  9:03:27 0 [Note] InnoDB: Compressed tables use zlib 1.2.11
2020-08-14  9:03:27 0 [Note] InnoDB: Number of pools: 1
2020-08-14  9:03:27 0 [Note] InnoDB: Using SSE2 crc32 instructions
2020-08-14  9:03:27 0 [Note] InnoDB: Initializing buffer pool, total size = 16M, instances = 1, chunk size = 16M
2020-08-14  9:03:27 0 [Note] InnoDB: Completed initialization of buffer pool
2020-08-14  9:03:27 0 [Note] InnoDB: Starting crash recovery from checkpoint LSN=905024
2020-08-14  9:03:28 0 [Note] InnoDB: 128 out of 128 rollback segments are active.
2020-08-14  9:03:28 0 [Note] InnoDB: Removed temporary tablespace data file: "ibtmp1"
2020-08-14  9:03:28 0 [Note] InnoDB: Creating shared tablespace for temporary tables
2020-08-14  9:03:28 0 [Note] InnoDB: Setting file 'C:\pannguyen\database_mysql\ibtmp1' size to 12 MB. Physically writing the file full; Please wait ...
2020-08-14  9:03:28 0 [Note] InnoDB: File 'C:\pannguyen\database_mysql\ibtmp1' size is now 12 MB.
2020-08-14  9:03:28 0 [Note] InnoDB: Waiting for purge to start
2020-08-14  9:03:28 0 [Note] InnoDB: 10.4.11 started; log sequence number 905033; transaction id 62
2020-08-14  9:03:28 0 [Note] InnoDB: Loading buffer pool(s) from C:\pannguyen\database_mysql\ib_buffer_pool
2020-08-14  9:03:28 0 [Note] Plugin 'FEEDBACK' is disabled.
2020-08-14  9:03:28 0 [Note] InnoDB: Cannot open 'C:\pannguyen\database_mysql\ib_buffer_pool' for reading: No such file or directory
2020-08-14  9:03:28 0 [Note] Server socket created on IP: '::'.
InnoDB: using atomic writes.
2020-08-14  9:11:15 0 [Note] InnoDB: Mutexes and rw_locks use Windows interlocked functions
2020-08-14  9:11:15 0 [Note] InnoDB: Uses event mutexes
2020-08-14  9:11:15 0 [Note] InnoDB: Compressed tables use zlib 1.2.11
2020-08-14  9:11:15 0 [Note] InnoDB: Number of pools: 1
2020-08-14  9:11:15 0 [Note] InnoDB: Using SSE2 crc32 instructions
2020-08-14  9:11:15 0 [Note] InnoDB: Initializing buffer pool, total size = 16M, instances = 1, chunk size = 16M
2020-08-14  9:11:15 0 [Note] InnoDB: Completed initialization of buffer pool
2020-08-14  9:11:15 0 [Note] InnoDB: 128 out of 128 rollback segments are active.
2020-08-14  9:11:15 0 [Note] InnoDB: Creating shared tablespace for temporary tables
2020-08-14  9:11:15 0 [Note] InnoDB: Setting file 'C:\pannguyen\database_mysql\ibtmp1' size to 12 MB. Physically writing the file full; Please wait ...
2020-08-14  9:11:15 0 [Note] InnoDB: File 'C:\pannguyen\database_mysql\ibtmp1' size is now 12 MB.
2020-08-14  9:11:15 0 [Note] InnoDB: Waiting for purge to start
2020-08-14  9:11:15 0 [Note] InnoDB: 10.4.11 started; log sequence number 905060; transaction id 62
2020-08-14  9:11:15 0 [Note] InnoDB: Loading buffer pool(s) from C:\pannguyen\database_mysql\ib_buffer_pool
2020-08-14  9:11:15 0 [Note] Plugin 'FEEDBACK' is disabled.
2020-08-14  9:11:15 0 [Note] InnoDB: Buffer pool(s) load completed at 200814  9:11:15
2020-08-14  9:11:15 0 [Note] Server socket created on IP: '::'.
InnoDB: using atomic writes.
2020-08-14 11:21:44 0 [Note] InnoDB: Mutexes and rw_locks use Windows interlocked functions
2020-08-14 11:21:44 0 [Note] InnoDB: Uses event mutexes
2020-08-14 11:21:44 0 [Note] InnoDB: Compressed tables use zlib 1.2.11
2020-08-14 11:21:44 0 [Note] InnoDB: Number of pools: 1
2020-08-14 11:21:44 0 [Note] InnoDB: Using SSE2 crc32 instructions
2020-08-14 11:21:44 0 [Note] InnoDB: Initializing buffer pool, total size = 16M, instances = 1, chunk size = 16M
2020-08-14 11:21:44 0 [Note] InnoDB: Completed initialization of buffer pool
2020-08-14 11:21:44 0 [Note] InnoDB: Starting crash recovery from checkpoint LSN=905060
2020-08-14 11:21:44 0 [Note] InnoDB: 128 out of 128 rollback segments are active.
2020-08-14 11:21:44 0 [Note] InnoDB: Removed temporary tablespace data file: "ibtmp1"
2020-08-14 11:21:44 0 [Note] InnoDB: Creating shared tablespace for temporary tables
2020-08-14 11:21:44 0 [Note] InnoDB: Setting file 'C:\pannguyen\database_mysql\ibtmp1' size to 12 MB. Physically writing the file full; Please wait ...
2020-08-14 11:21:44 0 [Note] InnoDB: File 'C:\pannguyen\database_mysql\ibtmp1' size is now 12 MB.
2020-08-14 11:21:44 0 [Note] InnoDB: Waiting for purge to start
2020-08-14 11:21:44 0 [Note] InnoDB: 10.4.11 started; log sequence number 905069; transaction id 62
2020-08-14 11:21:44 0 [Note] InnoDB: Loading buffer pool(s) from C:\pannguyen\database_mysql\ib_buffer_pool
2020-08-14 11:21:44 0 [Note] Plugin 'FEEDBACK' is disabled.
2020-08-14 11:21:44 0 [Note] InnoDB: Buffer pool(s) load completed at 200814 11:21:44
2020-08-14 11:21:44 0 [Note] Server socket created on IP: '::'.
InnoDB: using atomic writes.
2020-08-14 11:41:03 0 [Note] InnoDB: Mutexes and rw_locks use Windows interlocked functions
2020-08-14 11:41:03 0 [Note] InnoDB: Uses event mutexes
2020-08-14 11:41:03 0 [Note] InnoDB: Compressed tables use zlib 1.2.11
2020-08-14 11:41:03 0 [Note] InnoDB: Number of pools: 1
2020-08-14 11:41:03 0 [Note] InnoDB: Using SSE2 crc32 instructions
2020-08-14 11:41:03 0 [Note] InnoDB: Initializing buffer pool, total size = 16M, instances = 1, chunk size = 16M
2020-08-14 11:41:03 0 [Note] InnoDB: Completed initialization of buffer pool
2020-08-14 11:41:03 0 [Note] InnoDB: Starting crash recovery from checkpoint LSN=905078
2020-08-14 11:41:03 0 [Note] InnoDB: 128 out of 128 rollback segments are active.
2020-08-14 11:41:03 0 [Note] InnoDB: Removed temporary tablespace data file: "ibtmp1"
2020-08-14 11:41:03 0 [Note] InnoDB: Creating shared tablespace for temporary tables
2020-08-14 11:41:03 0 [Note] InnoDB: Setting file 'C:\pannguyen\database_mysql\ibtmp1' size to 12 MB. Physically writing the file full; Please wait ...
2020-08-14 11:41:03 0 [Note] InnoDB: File 'C:\pannguyen\database_mysql\ibtmp1' size is now 12 MB.
2020-08-14 11:41:03 0 [Note] InnoDB: Waiting for purge to start
2020-08-14 11:41:03 0 [Note] InnoDB: 10.4.11 started; log sequence number 905087; transaction id 62
2020-08-14 11:41:03 0 [Note] InnoDB: Loading buffer pool(s) from C:\pannguyen\database_mysql\ib_buffer_pool
2020-08-14 11:41:03 0 [Note] Plugin 'FEEDBACK' is disabled.
2020-08-14 11:41:03 0 [Note] InnoDB: Buffer pool(s) load completed at 200814 11:41:03
2020-08-14 11:41:03 0 [Note] Server socket created on IP: '::'.
