[Mon Aug 17 09:05:16.347004 2020] [ssl:warn] [pid 6484:tid 612] AH01909: www.example.com:443:0 server certificate does NOT include an ID which matches the server name
[Mon Aug 17 09:05:16.378918 2020] [ssl:warn] [pid 6484:tid 612] AH01909: www.example.com:443:0 server certificate does NOT include an ID which matches the server name
[Mon Aug 17 09:05:16.404849 2020] [mpm_winnt:notice] [pid 6484:tid 612] AH00455: Apache/2.4.43 (Win64) OpenSSL/1.1.1g PHP/7.2.32 configured -- resuming normal operations
[Mon Aug 17 09:05:16.404849 2020] [mpm_winnt:notice] [pid 6484:tid 612] AH00456: Apache Lounge VC15 Server built: Apr 22 2020 11:11:00
[Mon Aug 17 09:05:16.404849 2020] [core:notice] [pid 6484:tid 612] AH00094: Command line: 'c:\\pannguyen\\xamp\\apache\\bin\\httpd.exe -d C:/pannguyen/xamp/apache'
[Mon Aug 17 09:05:16.410835 2020] [mpm_winnt:notice] [pid 6484:tid 612] AH00418: Parent: Created child process 26416
[Mon Aug 17 09:05:16.757238 2020] [ssl:warn] [pid 26416:tid 544] AH01909: www.example.com:443:0 server certificate does NOT include an ID which matches the server name
[Mon Aug 17 09:05:16.789151 2020] [ssl:warn] [pid 26416:tid 544] AH01909: www.example.com:443:0 server certificate does NOT include an ID which matches the server name
[Mon Aug 17 09:05:16.809098 2020] [mpm_winnt:notice] [pid 26416:tid 544] AH00354: Child: Starting 150 worker threads.
[Mon Aug 17 09:06:16.823601 2020] [ssl:warn] [pid 23676:tid 608] AH01909: www.example.com:443:0 server certificate does NOT include an ID which matches the server name
[Mon Aug 17 09:06:16.851527 2020] [core:warn] [pid 23676:tid 608] AH00098: pid file C:/pannguyen/xamp/apache/logs/httpd.pid overwritten -- Unclean shutdown of previous Apache run?
[Mon Aug 17 09:06:16.853522 2020] [ssl:warn] [pid 23676:tid 608] AH01909: www.example.com:443:0 server certificate does NOT include an ID which matches the server name
[Mon Aug 17 09:06:16.873468 2020] [mpm_winnt:notice] [pid 23676:tid 608] AH00455: Apache/2.4.43 (Win64) OpenSSL/1.1.1g PHP/7.2.32 configured -- resuming normal operations
[Mon Aug 17 09:06:16.873468 2020] [mpm_winnt:notice] [pid 23676:tid 608] AH00456: Apache Lounge VC15 Server built: Apr 22 2020 11:11:00
[Mon Aug 17 09:06:16.873468 2020] [core:notice] [pid 23676:tid 608] AH00094: Command line: 'c:\\pannguyen\\xamp\\apache\\bin\\httpd.exe -d C:/pannguyen/xamp/apache'
[Mon Aug 17 09:06:16.878456 2020] [mpm_winnt:notice] [pid 23676:tid 608] AH00418: Parent: Created child process 19276
[Mon Aug 17 09:06:17.229516 2020] [ssl:warn] [pid 19276:tid 172] AH01909: www.example.com:443:0 server certificate does NOT include an ID which matches the server name
[Mon Aug 17 09:06:17.259436 2020] [ssl:warn] [pid 19276:tid 172] AH01909: www.example.com:443:0 server certificate does NOT include an ID which matches the server name
[Mon Aug 17 09:06:17.281377 2020] [mpm_winnt:notice] [pid 19276:tid 172] AH00354: Child: Starting 150 worker threads.
[Mon Aug 17 10:18:07.096777 2020] [php7:warn] [pid 19276:tid 1860] [client 127.0.0.1:58023] PHP Warning:  POST Content-Length of 267855167 bytes exceeds the limit of 41943040 bytes in Unknown on line 0, referer: http://www.pannguyen.com/upload-image
[Mon Aug 17 10:20:00.800380 2020] [ssl:warn] [pid 6724:tid 596] AH01909: www.example.com:443:0 server certificate does NOT include an ID which matches the server name
[Mon Aug 17 10:20:00.831297 2020] [core:warn] [pid 6724:tid 596] AH00098: pid file C:/pannguyen/xamp/apache/logs/httpd.pid overwritten -- Unclean shutdown of previous Apache run?
[Mon Aug 17 10:20:00.833292 2020] [ssl:warn] [pid 6724:tid 596] AH01909: www.example.com:443:0 server certificate does NOT include an ID which matches the server name
[Mon Aug 17 10:20:00.868199 2020] [mpm_winnt:notice] [pid 6724:tid 596] AH00455: Apache/2.4.43 (Win64) OpenSSL/1.1.1g PHP/7.2.32 configured -- resuming normal operations
[Mon Aug 17 10:20:00.868199 2020] [mpm_winnt:notice] [pid 6724:tid 596] AH00456: Apache Lounge VC15 Server built: Apr 22 2020 11:11:00
[Mon Aug 17 10:20:00.868199 2020] [core:notice] [pid 6724:tid 596] AH00094: Command line: 'c:\\pannguyen\\xamp\\apache\\bin\\httpd.exe -d C:/pannguyen/xamp/apache'
[Mon Aug 17 10:20:00.875180 2020] [mpm_winnt:notice] [pid 6724:tid 596] AH00418: Parent: Created child process 12560
[Mon Aug 17 10:20:01.324977 2020] [ssl:warn] [pid 12560:tid 660] AH01909: www.example.com:443:0 server certificate does NOT include an ID which matches the server name
[Mon Aug 17 10:20:01.356891 2020] [ssl:warn] [pid 12560:tid 660] AH01909: www.example.com:443:0 server certificate does NOT include an ID which matches the server name
[Mon Aug 17 10:20:01.377836 2020] [mpm_winnt:notice] [pid 12560:tid 660] AH00354: Child: Starting 150 worker threads.
[Mon Aug 17 10:20:06.697595 2020] [php7:warn] [pid 12560:tid 1900] [client 127.0.0.1:58090] PHP Warning:  POST Content-Length of 267855167 bytes exceeds the limit of 41943040 bytes in Unknown on line 0, referer: http://www.pannguyen.com/upload-image
[Mon Aug 17 10:20:13.862075 2020] [php7:warn] [pid 12560:tid 1884] [client 127.0.0.1:58098] PHP Warning:  POST Content-Length of 267855167 bytes exceeds the limit of 41943040 bytes in Unknown on line 0, referer: http://www.pannguyen.com/upload-image
[Mon Aug 17 10:20:56.464777 2020] [ssl:warn] [pid 26884:tid 612] AH01909: www.example.com:443:0 server certificate does NOT include an ID which matches the server name
[Mon Aug 17 10:20:56.495695 2020] [core:warn] [pid 26884:tid 612] AH00098: pid file C:/pannguyen/xamp/apache/logs/httpd.pid overwritten -- Unclean shutdown of previous Apache run?
[Mon Aug 17 10:20:56.497689 2020] [ssl:warn] [pid 26884:tid 612] AH01909: www.example.com:443:0 server certificate does NOT include an ID which matches the server name
[Mon Aug 17 10:20:56.517659 2020] [mpm_winnt:notice] [pid 26884:tid 612] AH00455: Apache/2.4.43 (Win64) OpenSSL/1.1.1g PHP/7.2.32 configured -- resuming normal operations
[Mon Aug 17 10:20:56.517659 2020] [mpm_winnt:notice] [pid 26884:tid 612] AH00456: Apache Lounge VC15 Server built: Apr 22 2020 11:11:00
[Mon Aug 17 10:20:56.517659 2020] [core:notice] [pid 26884:tid 612] AH00094: Command line: 'c:\\pannguyen\\xamp\\apache\\bin\\httpd.exe -d C:/pannguyen/xamp/apache'
[Mon Aug 17 10:20:56.523620 2020] [mpm_winnt:notice] [pid 26884:tid 612] AH00418: Parent: Created child process 25520
[Mon Aug 17 10:20:56.878671 2020] [ssl:warn] [pid 25520:tid 640] AH01909: www.example.com:443:0 server certificate does NOT include an ID which matches the server name
[Mon Aug 17 10:20:56.908591 2020] [ssl:warn] [pid 25520:tid 640] AH01909: www.example.com:443:0 server certificate does NOT include an ID which matches the server name
[Mon Aug 17 10:20:56.932526 2020] [mpm_winnt:notice] [pid 25520:tid 640] AH00354: Child: Starting 150 worker threads.
[Mon Aug 17 16:10:38.780264 2020] [ssl:warn] [pid 4684:tid 628] AH01909: www.example.com:443:0 server certificate does NOT include an ID which matches the server name
[Mon Aug 17 16:10:38.811179 2020] [core:warn] [pid 4684:tid 628] AH00098: pid file C:/pannguyen/xamp/apache/logs/httpd.pid overwritten -- Unclean shutdown of previous Apache run?
[Mon Aug 17 16:10:38.813171 2020] [ssl:warn] [pid 4684:tid 628] AH01909: www.example.com:443:0 server certificate does NOT include an ID which matches the server name
[Mon Aug 17 16:10:38.997730 2020] [mpm_winnt:notice] [pid 4684:tid 628] AH00455: Apache/2.4.43 (Win64) OpenSSL/1.1.1g PHP/7.2.32 configured -- resuming normal operations
[Mon Aug 17 16:10:38.997730 2020] [mpm_winnt:notice] [pid 4684:tid 628] AH00456: Apache Lounge VC15 Server built: Apr 22 2020 11:11:00
[Mon Aug 17 16:10:38.997730 2020] [core:notice] [pid 4684:tid 628] AH00094: Command line: 'c:\\pannguyen\\xamp\\apache\\bin\\httpd.exe -d C:/pannguyen/xamp/apache'
[Mon Aug 17 16:10:39.003713 2020] [mpm_winnt:notice] [pid 4684:tid 628] AH00418: Parent: Created child process 18172
[Mon Aug 17 16:10:39.367003 2020] [ssl:warn] [pid 18172:tid 620] AH01909: www.example.com:443:0 server certificate does NOT include an ID which matches the server name
[Mon Aug 17 16:10:39.397806 2020] [ssl:warn] [pid 18172:tid 620] AH01909: www.example.com:443:0 server certificate does NOT include an ID which matches the server name
[Mon Aug 17 16:10:39.418750 2020] [mpm_winnt:notice] [pid 18172:tid 620] AH00354: Child: Starting 150 worker threads.
[Mon Aug 17 16:27:51.443240 2020] [mpm_winnt:crit] [pid 18172:tid 620] AH02538: Child: Parent process exited abruptly. Child process is ending
[Mon Aug 17 16:28:31.638199 2020] [ssl:warn] [pid 5244:tid 628] AH01909: www.example.com:443:0 server certificate does NOT include an ID which matches the server name
[Mon Aug 17 16:28:31.669116 2020] [core:warn] [pid 5244:tid 628] AH00098: pid file C:/pannguyen/xamp/apache/logs/httpd.pid overwritten -- Unclean shutdown of previous Apache run?
[Mon Aug 17 16:28:31.671111 2020] [ssl:warn] [pid 5244:tid 628] AH01909: www.example.com:443:0 server certificate does NOT include an ID which matches the server name
[Mon Aug 17 16:28:31.690061 2020] [mpm_winnt:notice] [pid 5244:tid 628] AH00455: Apache/2.4.43 (Win64) OpenSSL/1.1.1g PHP/7.2.32 configured -- resuming normal operations
[Mon Aug 17 16:28:31.690061 2020] [mpm_winnt:notice] [pid 5244:tid 628] AH00456: Apache Lounge VC15 Server built: Apr 22 2020 11:11:00
[Mon Aug 17 16:28:31.690061 2020] [core:notice] [pid 5244:tid 628] AH00094: Command line: 'c:\\pannguyen\\xamp\\apache\\bin\\httpd.exe -d C:/pannguyen/xamp/apache'
[Mon Aug 17 16:28:31.695047 2020] [mpm_winnt:notice] [pid 5244:tid 628] AH00418: Parent: Created child process 24792
[Mon Aug 17 16:28:32.061068 2020] [ssl:warn] [pid 24792:tid 620] AH01909: www.example.com:443:0 server certificate does NOT include an ID which matches the server name
[Mon Aug 17 16:28:32.094368 2020] [ssl:warn] [pid 24792:tid 620] AH01909: www.example.com:443:0 server certificate does NOT include an ID which matches the server name
[Mon Aug 17 16:28:32.114346 2020] [mpm_winnt:notice] [pid 24792:tid 620] AH00354: Child: Starting 150 worker threads.
[Mon Aug 17 16:35:34.792671 2020] [mpm_winnt:crit] [pid 24792:tid 620] AH02538: Child: Parent process exited abruptly. Child process is ending
[Fri Aug 28 13:12:38.633583 2020] [ssl:warn] [pid 23720:tid 576] AH01909: www.example.com:443:0 server certificate does NOT include an ID which matches the server name
[Fri Aug 28 13:12:38.670506 2020] [core:warn] [pid 23720:tid 576] AH00098: pid file C:/pannguyen/xamp/apache/logs/httpd.pid overwritten -- Unclean shutdown of previous Apache run?
[Fri Aug 28 13:12:38.671481 2020] [ssl:warn] [pid 23720:tid 576] AH01909: www.example.com:443:0 server certificate does NOT include an ID which matches the server name
[Fri Aug 28 13:12:38.920813 2020] [mpm_winnt:notice] [pid 23720:tid 576] AH00455: Apache/2.4.43 (Win64) OpenSSL/1.1.1g PHP/7.2.32 configured -- resuming normal operations
[Fri Aug 28 13:12:38.920813 2020] [mpm_winnt:notice] [pid 23720:tid 576] AH00456: Apache Lounge VC15 Server built: Apr 22 2020 11:11:00
[Fri Aug 28 13:12:38.920813 2020] [core:notice] [pid 23720:tid 576] AH00094: Command line: 'c:\\pannguyen\\xamp\\apache\\bin\\httpd.exe -d C:/pannguyen/xamp/apache'
[Fri Aug 28 13:12:38.928793 2020] [mpm_winnt:notice] [pid 23720:tid 576] AH00418: Parent: Created child process 26056
[Fri Aug 28 13:12:39.358672 2020] [ssl:warn] [pid 26056:tid 556] AH01909: www.example.com:443:0 server certificate does NOT include an ID which matches the server name
[Fri Aug 28 13:12:39.391554 2020] [ssl:warn] [pid 26056:tid 556] AH01909: www.example.com:443:0 server certificate does NOT include an ID which matches the server name
[Fri Aug 28 13:12:39.414493 2020] [mpm_winnt:notice] [pid 26056:tid 556] AH00354: Child: Starting 150 worker threads.

VirtualAlloc() failed: [0x000005af] The paging file is too small for this operation to complete.


VirtualAlloc() failed: [0x000005af] The paging file is too small for this operation to complete.

[Fri Aug 28 13:13:25.911013 2020] [php7:error] [pid 26056:tid 1880] [client 127.0.0.1:62769] PHP Fatal error:  Out of memory (allocated 4194304) (tried to allocate 12288 bytes) in C:\\pannguyen\\vendor\\symfony\\http-foundation\\ResponseHeaderBag.php on line 156, referer: http://www.pannguyen.com/login

VirtualAlloc() failed: [0x000005af] The paging file is too small for this operation to complete.


VirtualAlloc() failed: [0x000005af] The paging file is too small for this operation to complete.

[Fri Aug 28 13:13:25.941924 2020] [php7:error] [pid 26056:tid 1900] [client 127.0.0.1:62763] PHP Fatal error:  Out of memory (allocated 8388608) (tried to allocate 8192 bytes) in C:\\pannguyen\\vendor\\symfony\\http-foundation\\ResponseHeaderBag.php on line 293, referer: http://www.pannguyen.com/login

VirtualAlloc() failed: [0x000005af] The paging file is too small for this operation to complete.

[Fri Aug 28 13:13:25.942920 2020] [php7:error] [pid 26056:tid 1900] [client 127.0.0.1:62763] PHP Fatal error:  Out of memory (allocated 8388608) (tried to allocate 32768 bytes) in C:\\pannguyen\\vendor\\symfony\\debug\\Exception\\FatalErrorException.php on line 1, referer: http://www.pannguyen.com/login
[Fri Aug 28 13:13:26.031682 2020] [php7:error] [pid 26056:tid 1880] [client 127.0.0.1:62769] PHP Fatal error:  Uncaught Error: Class 'Symfony\\Component\\HttpFoundation\\ResponseHeaderBag' not found in C:\\pannguyen\\vendor\\symfony\\http-foundation\\Response.php:205\nStack trace:\n#0 C:\\pannguyen\\vendor\\symfony\\http-foundation\\Response.php(227): Symfony\\Component\\HttpFoundation\\Response->__construct('<!DOCTYPE html>...', 500, Array)\n#1 C:\\pannguyen\\vendor\\laravel\\framework\\src\\Illuminate\\Foundation\\Exceptions\\Handler.php(320): Symfony\\Component\\HttpFoundation\\Response::create('<!DOCTYPE html>...', 500, Array)\n#2 C:\\pannguyen\\vendor\\laravel\\framework\\src\\Illuminate\\Foundation\\Exceptions\\Handler.php(286): Illuminate\\Foundation\\Exceptions\\Handler->convertExceptionToResponse(Object(Symfony\\Component\\Debug\\Exception\\FatalErrorException))\n#3 C:\\pannguyen\\vendor\\laravel\\framework\\src\\Illuminate\\Foundation\\Exceptions\\Handler.php(187): Illuminate\\Foundation\\Exceptions\\Handler->prepareResponse(Object(Illuminate\\Http\\Request), Object(Symfony\\Component\\Debug\\Exception\\FatalErrorException))\n#4 C:\\pannguyen\\app\\Exceptions\\Handler.php(51): I in C:\\pannguyen\\vendor\\symfony\\http-foundation\\Response.php on line 205, referer: http://www.pannguyen.com/login
[Fri Aug 28 14:08:53.519178 2020] [mpm_winnt:crit] [pid 26056:tid 556] AH02538: Child: Parent process exited abruptly. Child process is ending
[Fri Aug 28 14:43:20.614462 2020] [ssl:warn] [pid 16440:tid 612] AH01909: www.example.com:443:0 server certificate does NOT include an ID which matches the server name
[Fri Aug 28 14:43:20.649345 2020] [core:warn] [pid 16440:tid 612] AH00098: pid file C:/pannguyen/xamp/apache/logs/httpd.pid overwritten -- Unclean shutdown of previous Apache run?
[Fri Aug 28 14:43:20.651339 2020] [ssl:warn] [pid 16440:tid 612] AH01909: www.example.com:443:0 server certificate does NOT include an ID which matches the server name
[Fri Aug 28 14:43:20.671315 2020] [mpm_winnt:notice] [pid 16440:tid 612] AH00455: Apache/2.4.43 (Win64) OpenSSL/1.1.1g PHP/7.2.32 configured -- resuming normal operations
[Fri Aug 28 14:43:20.671315 2020] [mpm_winnt:notice] [pid 16440:tid 612] AH00456: Apache Lounge VC15 Server built: Apr 22 2020 11:11:00
[Fri Aug 28 14:43:20.671315 2020] [core:notice] [pid 16440:tid 612] AH00094: Command line: 'c:\\pannguyen\\xamp\\apache\\bin\\httpd.exe -d C:/pannguyen/xamp/apache'
[Fri Aug 28 14:43:20.676273 2020] [mpm_winnt:notice] [pid 16440:tid 612] AH00418: Parent: Created child process 4080
[Fri Aug 28 14:43:21.076227 2020] [ssl:warn] [pid 4080:tid 632] AH01909: www.example.com:443:0 server certificate does NOT include an ID which matches the server name
[Fri Aug 28 14:43:21.111140 2020] [ssl:warn] [pid 4080:tid 632] AH01909: www.example.com:443:0 server certificate does NOT include an ID which matches the server name
[Fri Aug 28 14:43:21.133051 2020] [mpm_winnt:notice] [pid 4080:tid 632] AH00354: Child: Starting 150 worker threads.
